0 info it worked if it ends with ok
1 verbose cli [ 'node',
1 verbose cli   '/usr/local/bin/npm',
1 verbose cli   'install',
1 verbose cli   '-g',
1 verbose cli   'https://github.com/belmer/xmail' ]
2 info using npm@1.4.9
3 info using node@v0.10.28
4 verbose cache add [ 'https://github.com/belmer/xmail', null ]
5 verbose cache add name=undefined spec="https://github.com/belmer/xmail" args=["https://github.com/belmer/xmail",null]
6 verbose parsed url { protocol: 'https:',
6 verbose parsed url   slashes: true,
6 verbose parsed url   auth: null,
6 verbose parsed url   host: 'github.com',
6 verbose parsed url   port: null,
6 verbose parsed url   hostname: 'github.com',
6 verbose parsed url   hash: null,
6 verbose parsed url   search: null,
6 verbose parsed url   query: null,
6 verbose parsed url   pathname: '/belmer/xmail',
6 verbose parsed url   path: '/belmer/xmail',
6 verbose parsed url   href: 'https://github.com/belmer/xmail' }
7 silly lockFile 62c02b26-https-github-com-belmer-xmail https://github.com/belmer/xmail
8 verbose lock https://github.com/belmer/xmail /Users/dna-belmer/.npm/62c02b26-https-github-com-belmer-xmail.lock
9 verbose addRemoteTarball [ 'https://github.com/belmer/xmail', null ]
10 info retry fetch attempt 1 at 22:50:07
11 verbose fetch to= /Users/dna-belmer/tmp/npm-5479-7JAHi9_G/1399474207513-0.21494319569319487/tmp.tgz
12 http GET https://github.com/belmer/xmail
13 http 200 https://github.com/belmer/xmail
14 verbose tar unpack /Users/dna-belmer/tmp/npm-5479-7JAHi9_G/1399474207513-0.21494319569319487/tmp.tgz
15 silly lockFile 551aa226-587b76d30tmp-4cbb6d614bfepackage tar:///Users/dna-belmer/.npm/tmp_1af587b76d30tmp_4cbb6d614bfepackage
16 verbose lock tar:///Users/dna-belmer/.npm/tmp_1af587b76d30tmp_4cbb6d614bfepackage /Users/dna-belmer/.npm/551aa226-587b76d30tmp-4cbb6d614bfepackage.lock
17 silly lockFile 9472b875-7513-0-21494319569319487-tmp-tgz tar:///Users/dna-belmer/tmp/npm-5479-7JAHi9_G/1399474207513-0.21494319569319487/tmp.tgz
18 verbose lock tar:///Users/dna-belmer/tmp/npm-5479-7JAHi9_G/1399474207513-0.21494319569319487/tmp.tgz /Users/dna-belmer/.npm/9472b875-7513-0-21494319569319487-tmp-tgz.lock
19 silly gunzTarPerm modes [ '755', '644' ]
20 error not a package /Users/dna-belmer/tmp/npm-5479-7JAHi9_G/1399474207513-0.21494319569319487/tmp.tgz
21 silly lockFile 551aa226-587b76d30tmp-4cbb6d614bfepackage tar:///Users/dna-belmer/.npm/tmp_1af587b76d30tmp_4cbb6d614bfepackage
22 silly lockFile 551aa226-587b76d30tmp-4cbb6d614bfepackage tar:///Users/dna-belmer/.npm/tmp_1af587b76d30tmp_4cbb6d614bfepackage
23 silly lockFile 9472b875-7513-0-21494319569319487-tmp-tgz tar:///Users/dna-belmer/tmp/npm-5479-7JAHi9_G/1399474207513-0.21494319569319487/tmp.tgz
24 silly lockFile 9472b875-7513-0-21494319569319487-tmp-tgz tar:///Users/dna-belmer/tmp/npm-5479-7JAHi9_G/1399474207513-0.21494319569319487/tmp.tgz
25 silly lockFile 62c02b26-https-github-com-belmer-xmail https://github.com/belmer/xmail
26 silly lockFile 62c02b26-https-github-com-belmer-xmail https://github.com/belmer/xmail
27 error Error: ENOENT, open '/Users/dna-belmer/.npm/tmp_1af587b76d30tmp_4cbb6d614bfepackage/package.json'
28 error If you need help, you may report this *entire* log,
28 error including the npm and node versions, at:
28 error     <http://github.com/npm/npm/issues>
29 error System Darwin 13.1.0
30 error command "node" "/usr/local/bin/npm" "install" "-g" "https://github.com/belmer/xmail"
31 error cwd /Users/dna-belmer/Documents/Spikes/xmail
32 error node -v v0.10.28
33 error npm -v 1.4.9
34 error path /Users/dna-belmer/.npm/tmp_1af587b76d30tmp_4cbb6d614bfepackage/package.json
35 error code ENOENT
36 error errno 34
37 verbose exit [ 34, true ]
